[2019-02-12 12:20:25] 
        |  0  1  2  3  4  5  6  7  8  9  A  B  C  D  E  F      | 0123456789ABCDEF
    -----------------------------------------------------  ----------------------
      0 | 16 04 4F 02 35 04 01 02 -- -- -- -- -- -- -- --    0 | ..O.5...--------

[2019-02-12 12:20:43] 
        |  0  1  2  3  4  5  6  7  8  9  A  B  C  D  E  F      | 0123456789ABCDEF
    -----------------------------------------------------  ----------------------
      0 | 16 04 7B 02 35 04 00 00 -- -- -- -- -- -- -- --    0 | ..{.5...--------

[2019-02-12 12:21:42] 
        |  0  1  2  3  4  5  6  7  8  9  A  B  C  D  E  F      | 0123456789ABCDEF
    -----------------------------------------------------  ----------------------
      0 | 16 04 0C 03 35 04 00 00 -- -- -- -- -- -- -- --    0 | ....5...--------

[2019-02-12 12:22:01] 
        |  0  1  2  3  4  5  6  7  8  9  A  B  C  D  E  F      | 0123456789ABCDEF
    -----------------------------------------------------  ----------------------
      0 | 16 04 3A 03 35 04 01 02 -- -- -- -- -- -- -- --    0 | ..:.5...--------

[2019-02-12 12:26:16] 
        |  0  1  2  3  4  5  6  7  8  9  A  B  C  D  E  F      | 0123456789ABCDEF
    -----------------------------------------------------  ----------------------
      0 | 16 04 AF 05 35 04 F5 C3 -- -- -- -- -- -- -- --    0 | ....5...--------

[2019-02-12 12:27:34] 
        |  0  1  2  3  4  5  6  7  8  9  A  B  C  D  E  F      | 0123456789ABCDEF
    -----------------------------------------------------  ----------------------
      0 | 16 04 71 06 35 04 9C C3 -- -- -- -- -- -- -- --    0 | ..q.5...--------

[2019-02-12 12:27:59] 
        |  0  1  2  3  4  5  6  7  8  9  A  B  C  D  E  F      | 0123456789ABCDEF
    -----------------------------------------------------  ----------------------
      0 | 16 04 AF 06 35 04 06 01 -- -- -- -- -- -- -- --    0 | ....5...--------

[2019-02-12 12:28:23] 
        |  0  1  2  3  4  5  6  7  8  9  A  B  C  D  E  F      | 0123456789ABCDEF
    -----------------------------------------------------  ----------------------
      0 | 16 04 E9 06 35 04 78 42 -- -- -- -- -- -- -- --    0 | ....5.xB--------

[2019-02-12 12:29:07] 
        |  0  1  2  3  4  5  6  7  8  9  A  B  C  D  E  F      | 0123456789ABCDEF
    -----------------------------------------------------  ----------------------
      0 | 16 04 57 07 35 04 78 42 -- -- -- -- -- -- -- --    0 | ..W.5.xB--------

[2019-02-12 12:31:07] 
        |  0  1  2  3  4  5  6  7  8  9  A  B  C  D  E  F      | 0123456789ABCDEF
    -----------------------------------------------------  ----------------------
      0 | 16 04 8E 00 AB 05 00 00 -- -- -- -- -- -- -- --    0 | ........--------

[2019-02-12 12:35:34] 
        |  0  1  2  3  4  5  6  7  8  9  A  B  C  D  E  F      | 0123456789ABCDEF
    -----------------------------------------------------  ----------------------
      0 | 16 04 62 02 6A 05 00 00 -- -- -- -- -- -- -- --    0 | ..b.j...--------

