[2019-02-12 12:20:24] 
        |  0  1  2  3  4  5  6  7  8  9  A  B  C  D  E  F      | 0123456789ABCDEF
    -----------------------------------------------------  ----------------------
      0 | 1A 0E 4D 02 E8 82 06 01 E8 02 00 00 00 00 00 00    0 | ..M.............
      1 | 00 00 00 00 00 00 00 00 00 00 00 00 -- -- -- --    1 | ............----

[2019-02-12 12:21:30] 
        |  0  1  2  3  4  5  6  7  8  9  A  B  C  D  E  F      | 0123456789ABCDEF
    -----------------------------------------------------  ----------------------
      0 | 1A 0E EF 02 E8 82 06 01 E8 02 00 00 00 00 00 00    0 | ................
      1 | 00 00 00 00 00 00 00 00 00 00 00 00 -- -- -- --    1 | ............----

[2019-02-12 12:21:44] 
        |  0  1  2  3  4  5  6  7  8  9  A  B  C  D  E  F      | 0123456789ABCDEF
    -----------------------------------------------------  ----------------------
      0 | 1A 0E 12 03 E8 82 06 01 E8 02 00 00 00 00 00 00    0 | ................
      1 | 00 00 00 00 00 00 00 00 00 00 00 00 -- -- -- --    1 | ............----

[2019-02-12 12:25:50] 
        |  0  1  2  3  4  5  6  7  8  9  A  B  C  D  E  F      | 0123456789ABCDEF
    -----------------------------------------------------  ----------------------
      0 | 1A 0E 71 05 E8 82 06 01 E8 02 00 00 00 00 00 00    0 | ..q.............
      1 | 00 00 00 00 00 00 00 00 00 00 00 00 -- -- -- --    1 | ............----

[2019-02-12 12:27:23] 
        |  0  1  2  3  4  5  6  7  8  9  A  B  C  D  E  F      | 0123456789ABCDEF
    -----------------------------------------------------  ----------------------
      0 | 1A 0E 56 06 E8 82 06 01 E8 02 00 00 00 00 00 00    0 | ..V.............
      1 | 00 00 00 00 00 00 00 00 00 00 00 00 -- -- -- --    1 | ............----

[2019-02-12 12:27:43] 
        |  0  1  2  3  4  5  6  7  8  9  A  B  C  D  E  F      | 0123456789ABCDEF
    -----------------------------------------------------  ----------------------
      0 | 1A 0E 86 06 E8 82 06 01 E8 02 00 00 00 00 00 00    0 | ................
      1 | 00 00 00 00 00 00 00 00 00 00 00 00 -- -- -- --    1 | ............----

[2019-02-12 12:28:06] 
        |  0  1  2  3  4  5  6  7  8  9  A  B  C  D  E  F      | 0123456789ABCDEF
    -----------------------------------------------------  ----------------------
      0 | 1A 0E C0 06 E8 82 06 01 E8 02 00 00 00 00 00 00    0 | ................
      1 | 00 00 00 00 00 00 00 00 00 00 00 00 -- -- -- --    1 | ............----

[2019-02-12 12:28:43] 
        |  0  1  2  3  4  5  6  7  8  9  A  B  C  D  E  F      | 0123456789ABCDEF
    -----------------------------------------------------  ----------------------
      0 | 1A 0E 1A 07 E8 82 06 01 E8 02 00 00 00 00 00 00    0 | ................
      1 | 00 00 00 00 00 00 00 00 00 00 00 00 -- -- -- --    1 | ............----

[2019-02-12 12:28:56] 
        |  0  1  2  3  4  5  6  7  8  9  A  B  C  D  E  F      | 0123456789ABCDEF
    -----------------------------------------------------  ----------------------
      0 | 1A 0E 3C 07 E8 82 06 01 E8 02 00 00 00 00 00 00    0 | ..<.............
      1 | 00 00 00 00 00 00 00 00 00 00 00 00 -- -- -- --    1 | ............----

[2019-02-12 12:30:14] 
        |  0  1  2  3  4  5  6  7  8  9  A  B  C  D  E  F      | 0123456789ABCDEF
    -----------------------------------------------------  ----------------------
      0 | 1A 0E 0B 00 76 E0 06 00 AB 05 14 00 00 00 00 00    0 | ....v...........
      1 | 00 00 00 00 00 00 00 00 00 00 00 00 -- -- -- --    1 | ............----

[2019-02-12 12:31:06] 
        |  0  1  2  3  4  5  6  7  8  9  A  B  C  D  E  F      | 0123456789ABCDEF
    -----------------------------------------------------  ----------------------
      0 | 1A 0E 8C 00 39 60 0F 01 39 00 00 00 00 00 00 00    0 | ....9`..9.......
      1 | 00 00 00 00 00 00 00 00 00 00 00 00 -- -- -- --    1 | ............----

[2019-02-12 12:31:31] 
        |  0  1  2  3  4  5  6  7  8  9  A  B  C  D  E  F      | 0123456789ABCDEF
    -----------------------------------------------------  ----------------------
      0 | 1A 0E 0B 00 76 E0 06 00 6A 05 14 00 00 00 00 00    0 | ....v...j.......
      1 | 00 00 00 00 00 00 00 00 00 00 00 00 -- -- -- --    1 | ............----

[2019-02-12 12:31:34] 
        |  0  1  2  3  4  5  6  7  8  9  A  B  C  D  E  F      | 0123456789ABCDEF
    -----------------------------------------------------  ----------------------
      0 | 1A 0E 12 00 56 A0 0E 01 56 00 00 00 00 00 00 00    0 | ....V...V.......
      1 | 00 00 00 00 00 00 00 00 00 00 00 00 -- -- -- --    1 | ............----

[2019-02-12 12:34:00] 
        |  0  1  2  3  4  5  6  7  8  9  A  B  C  D  E  F      | 0123456789ABCDEF
    -----------------------------------------------------  ----------------------
      0 | 1A 0E 7B 01 23 A0 0E 01 23 00 00 00 00 00 00 00    0 | ..{.#...#.......
      1 | 00 00 00 00 00 00 00 00 00 00 00 00 -- -- -- --    1 | ............----

[2019-02-12 12:35:30] 
        |  0  1  2  3  4  5  6  7  8  9  A  B  C  D  E  F      | 0123456789ABCDEF
    -----------------------------------------------------  ----------------------
      0 | 1A 0E 59 02 56 A0 0E 01 56 00 00 00 00 00 00 00    0 | ..Y.V...V.......
      1 | 00 00 00 00 00 00 00 00 00 00 00 00 -- -- -- --    1 | ............----

[2019-02-12 12:35:33] 
        |  0  1  2  3  4  5  6  7  8  9  A  B  C  D  E  F      | 0123456789ABCDEF
    -----------------------------------------------------  ----------------------
      0 | 1A 0E 60 02 46 A0 0E 01 46 00 00 00 00 00 00 00    0 | ..`.F...F.......
      1 | 00 00 00 00 00 00 00 00 00 00 00 00 -- -- -- --    1 | ............----

[2019-02-12 12:35:56] 
        |  0  1  2  3  4  5  6  7  8  9  A  B  C  D  E  F      | 0123456789ABCDEF
    -----------------------------------------------------  ----------------------
      0 | 1A 0E 03 00 76 E0 06 00 D9 04 14 00 00 00 00 00    0 | ....v...........
      1 | 00 00 00 00 00 00 00 00 00 00 00 00 -- -- -- --    1 | ............----

