[2019-02-12 12:20:38]  (Injected)
        |  0  1  2  3  4  5  6  7  8  9  A  B  C  D  E  F      | 0123456789ABCDEF
    -----------------------------------------------------  ----------------------
      0 | 3A 04 00 00 00 00 00 00 -- -- -- -- -- -- -- --    0 | :.......--------

[2019-02-12 12:20:38] 
        |  0  1  2  3  4  5  6  7  8  9  A  B  C  D  E  F      | 0123456789ABCDEF
    -----------------------------------------------------  ----------------------
      0 | 3A 04 6F 02 00 00 00 00 -- -- -- -- -- -- -- --    0 | :.o.....--------

[2019-02-12 12:21:37]  (Injected)
        |  0  1  2  3  4  5  6  7  8  9  A  B  C  D  E  F      | 0123456789ABCDEF
    -----------------------------------------------------  ----------------------
      0 | 3A 04 00 00 00 00 00 00 -- -- -- -- -- -- -- --    0 | :.......--------

[2019-02-12 12:21:37] 
        |  0  1  2  3  4  5  6  7  8  9  A  B  C  D  E  F      | 0123456789ABCDEF
    -----------------------------------------------------  ----------------------
      0 | 3A 04 00 03 00 00 00 00 -- -- -- -- -- -- -- --    0 | :.......--------

[2019-02-12 12:21:56]  (Injected)
        |  0  1  2  3  4  5  6  7  8  9  A  B  C  D  E  F      | 0123456789ABCDEF
    -----------------------------------------------------  ----------------------
      0 | 3A 04 00 00 00 00 00 00 -- -- -- -- -- -- -- --    0 | :.......--------

[2019-02-12 12:21:56] 
        |  0  1  2  3  4  5  6  7  8  9  A  B  C  D  E  F      | 0123456789ABCDEF
    -----------------------------------------------------  ----------------------
      0 | 3A 04 2E 03 00 00 00 00 -- -- -- -- -- -- -- --    0 | :.......--------

[2019-02-12 12:26:11]  (Injected)
        |  0  1  2  3  4  5  6  7  8  9  A  B  C  D  E  F      | 0123456789ABCDEF
    -----------------------------------------------------  ----------------------
      0 | 3A 04 00 00 00 00 00 00 -- -- -- -- -- -- -- --    0 | :.......--------

[2019-02-12 12:26:11] 
        |  0  1  2  3  4  5  6  7  8  9  A  B  C  D  E  F      | 0123456789ABCDEF
    -----------------------------------------------------  ----------------------
      0 | 3A 04 A3 05 00 00 00 00 -- -- -- -- -- -- -- --    0 | :.......--------

[2019-02-12 12:27:29]  (Injected)
        |  0  1  2  3  4  5  6  7  8  9  A  B  C  D  E  F      | 0123456789ABCDEF
    -----------------------------------------------------  ----------------------
      0 | 3A 04 00 00 00 00 00 00 -- -- -- -- -- -- -- --    0 | :.......--------

[2019-02-12 12:27:29] 
        |  0  1  2  3  4  5  6  7  8  9  A  B  C  D  E  F      | 0123456789ABCDEF
    -----------------------------------------------------  ----------------------
      0 | 3A 04 65 06 00 00 00 00 -- -- -- -- -- -- -- --    0 | :.e.....--------

[2019-02-12 12:27:32]  (Injected)
        |  0  1  2  3  4  5  6  7  8  9  A  B  C  D  E  F      | 0123456789ABCDEF
    -----------------------------------------------------  ----------------------
      0 | 3A 04 00 00 00 00 00 00 -- -- -- -- -- -- -- --    0 | :.......--------

[2019-02-12 12:27:54]  (Injected)
        |  0  1  2  3  4  5  6  7  8  9  A  B  C  D  E  F      | 0123456789ABCDEF
    -----------------------------------------------------  ----------------------
      0 | 3A 04 00 00 00 00 00 00 -- -- -- -- -- -- -- --    0 | :.......--------

[2019-02-12 12:27:54] 
        |  0  1  2  3  4  5  6  7  8  9  A  B  C  D  E  F      | 0123456789ABCDEF
    -----------------------------------------------------  ----------------------
      0 | 3A 04 A3 06 00 00 00 00 -- -- -- -- -- -- -- --    0 | :.......--------

[2019-02-12 12:28:18]  (Injected)
        |  0  1  2  3  4  5  6  7  8  9  A  B  C  D  E  F      | 0123456789ABCDEF
    -----------------------------------------------------  ----------------------
      0 | 3A 04 00 00 00 00 00 00 -- -- -- -- -- -- -- --    0 | :.......--------

[2019-02-12 12:28:18] 
        |  0  1  2  3  4  5  6  7  8  9  A  B  C  D  E  F      | 0123456789ABCDEF
    -----------------------------------------------------  ----------------------
      0 | 3A 04 DD 06 00 00 00 00 -- -- -- -- -- -- -- --    0 | :.......--------

[2019-02-12 12:28:20]  (Injected)
        |  0  1  2  3  4  5  6  7  8  9  A  B  C  D  E  F      | 0123456789ABCDEF
    -----------------------------------------------------  ----------------------
      0 | 3A 04 00 00 00 00 00 00 -- -- -- -- -- -- -- --    0 | :.......--------

[2019-02-12 12:28:53]  (Injected)
        |  0  1  2  3  4  5  6  7  8  9  A  B  C  D  E  F      | 0123456789ABCDEF
    -----------------------------------------------------  ----------------------
      0 | 3A 04 00 00 00 00 00 00 -- -- -- -- -- -- -- --    0 | :.......--------

[2019-02-12 12:28:53] 
        |  0  1  2  3  4  5  6  7  8  9  A  B  C  D  E  F      | 0123456789ABCDEF
    -----------------------------------------------------  ----------------------
      0 | 3A 04 33 07 00 00 00 00 -- -- -- -- -- -- -- --    0 | :.3.....--------

[2019-02-12 12:29:02]  (Injected)
        |  0  1  2  3  4  5  6  7  8  9  A  B  C  D  E  F      | 0123456789ABCDEF
    -----------------------------------------------------  ----------------------
      0 | 3A 04 00 00 00 00 00 00 -- -- -- -- -- -- -- --    0 | :.......--------

[2019-02-12 12:29:02] 
        |  0  1  2  3  4  5  6  7  8  9  A  B  C  D  E  F      | 0123456789ABCDEF
    -----------------------------------------------------  ----------------------
      0 | 3A 04 4B 07 00 00 00 00 -- -- -- -- -- -- -- --    0 | :.K.....--------

[2019-02-12 12:30:08]  (Injected)
        |  0  1  2  3  4  5  6  7  8  9  A  B  C  D  E  F      | 0123456789ABCDEF
    -----------------------------------------------------  ----------------------
      0 | 3A 04 00 00 00 00 00 00 -- -- -- -- -- -- -- --    0 | :.......--------

[2019-02-12 12:30:11]  (Injected)
        |  0  1  2  3  4  5  6  7  8  9  A  B  C  D  E  F      | 0123456789ABCDEF
    -----------------------------------------------------  ----------------------
      0 | 3A 04 00 00 00 00 00 00 -- -- -- -- -- -- -- --    0 | :.......--------

[2019-02-12 12:30:13]  (Injected)
        |  0  1  2  3  4  5  6  7  8  9  A  B  C  D  E  F      | 0123456789ABCDEF
    -----------------------------------------------------  ----------------------
      0 | 3A 04 00 00 00 00 00 00 -- -- -- -- -- -- -- --    0 | :.......--------

[2019-02-12 12:30:15]  (Injected)
        |  0  1  2  3  4  5  6  7  8  9  A  B  C  D  E  F      | 0123456789ABCDEF
    -----------------------------------------------------  ----------------------
      0 | 3A 04 00 00 00 00 00 00 -- -- -- -- -- -- -- --    0 | :.......--------

[2019-02-12 12:30:17]  (Injected)
        |  0  1  2  3  4  5  6  7  8  9  A  B  C  D  E  F      | 0123456789ABCDEF
    -----------------------------------------------------  ----------------------
      0 | 3A 04 00 00 00 00 00 00 -- -- -- -- -- -- -- --    0 | :.......--------

[2019-02-12 12:31:26]  (Injected)
        |  0  1  2  3  4  5  6  7  8  9  A  B  C  D  E  F      | 0123456789ABCDEF
    -----------------------------------------------------  ----------------------
      0 | 3A 04 00 00 00 00 00 00 -- -- -- -- -- -- -- --    0 | :.......--------

[2019-02-12 12:31:28]  (Injected)
        |  0  1  2  3  4  5  6  7  8  9  A  B  C  D  E  F      | 0123456789ABCDEF
    -----------------------------------------------------  ----------------------
      0 | 3A 04 00 00 00 00 00 00 -- -- -- -- -- -- -- --    0 | :.......--------

[2019-02-12 12:31:30]  (Injected)
        |  0  1  2  3  4  5  6  7  8  9  A  B  C  D  E  F      | 0123456789ABCDEF
    -----------------------------------------------------  ----------------------
      0 | 3A 04 00 00 00 00 00 00 -- -- -- -- -- -- -- --    0 | :.......--------

[2019-02-12 12:31:32]  (Injected)
        |  0  1  2  3  4  5  6  7  8  9  A  B  C  D  E  F      | 0123456789ABCDEF
    -----------------------------------------------------  ----------------------
      0 | 3A 04 00 00 00 00 00 00 -- -- -- -- -- -- -- --    0 | :.......--------

[2019-02-12 12:31:35]  (Injected)
        |  0  1  2  3  4  5  6  7  8  9  A  B  C  D  E  F      | 0123456789ABCDEF
    -----------------------------------------------------  ----------------------
      0 | 3A 04 00 00 00 00 00 00 -- -- -- -- -- -- -- --    0 | :.......--------

[2019-02-12 12:32:17]  (Injected)
        |  0  1  2  3  4  5  6  7  8  9  A  B  C  D  E  F      | 0123456789ABCDEF
    -----------------------------------------------------  ----------------------
      0 | 3A 04 00 00 00 00 00 00 -- -- -- -- -- -- -- --    0 | :.......--------

[2019-02-12 12:32:17] 
        |  0  1  2  3  4  5  6  7  8  9  A  B  C  D  E  F      | 0123456789ABCDEF
    -----------------------------------------------------  ----------------------
      0 | 3A 04 7B 00 00 00 00 00 -- -- -- -- -- -- -- --    0 | :.{.....--------

[2019-02-12 12:32:53]  (Injected)
        |  0  1  2  3  4  5  6  7  8  9  A  B  C  D  E  F      | 0123456789ABCDEF
    -----------------------------------------------------  ----------------------
      0 | 3A 04 00 00 00 00 00 00 -- -- -- -- -- -- -- --    0 | :.......--------

[2019-02-12 12:32:53] 
        |  0  1  2  3  4  5  6  7  8  9  A  B  C  D  E  F      | 0123456789ABCDEF
    -----------------------------------------------------  ----------------------
      0 | 3A 04 D5 00 00 00 00 00 -- -- -- -- -- -- -- --    0 | :.......--------

[2019-02-12 12:33:29]  (Injected)
        |  0  1  2  3  4  5  6  7  8  9  A  B  C  D  E  F      | 0123456789ABCDEF
    -----------------------------------------------------  ----------------------
      0 | 3A 04 00 00 00 00 00 00 -- -- -- -- -- -- -- --    0 | :.......--------

[2019-02-12 12:33:29] 
        |  0  1  2  3  4  5  6  7  8  9  A  B  C  D  E  F      | 0123456789ABCDEF
    -----------------------------------------------------  ----------------------
      0 | 3A 04 2F 01 00 00 00 00 -- -- -- -- -- -- -- --    0 | :./.....--------

[2019-02-12 12:33:41]  (Injected)
        |  0  1  2  3  4  5  6  7  8  9  A  B  C  D  E  F      | 0123456789ABCDEF
    -----------------------------------------------------  ----------------------
      0 | 3A 04 00 00 00 00 00 00 -- -- -- -- -- -- -- --    0 | :.......--------

[2019-02-12 12:33:50]  (Injected)
        |  0  1  2  3  4  5  6  7  8  9  A  B  C  D  E  F      | 0123456789ABCDEF
    -----------------------------------------------------  ----------------------
      0 | 3A 04 00 00 00 00 00 00 -- -- -- -- -- -- -- --    0 | :.......--------

[2019-02-12 12:33:50] 
        |  0  1  2  3  4  5  6  7  8  9  A  B  C  D  E  F      | 0123456789ABCDEF
    -----------------------------------------------------  ----------------------
      0 | 3A 04 61 01 00 00 00 00 -- -- -- -- -- -- -- --    0 | :.a.....--------

[2019-02-12 12:34:07]  (Injected)
        |  0  1  2  3  4  5  6  7  8  9  A  B  C  D  E  F      | 0123456789ABCDEF
    -----------------------------------------------------  ----------------------
      0 | 3A 04 00 00 00 00 00 00 -- -- -- -- -- -- -- --    0 | :.......--------

[2019-02-12 12:34:08] 
        |  0  1  2  3  4  5  6  7  8  9  A  B  C  D  E  F      | 0123456789ABCDEF
    -----------------------------------------------------  ----------------------
      0 | 3A 04 8D 01 00 00 00 00 -- -- -- -- -- -- -- --    0 | :.......--------

[2019-02-12 12:34:12]  (Injected)
        |  0  1  2  3  4  5  6  7  8  9  A  B  C  D  E  F      | 0123456789ABCDEF
    -----------------------------------------------------  ----------------------
      0 | 3A 04 00 00 00 00 00 00 -- -- -- -- -- -- -- --    0 | :.......--------

[2019-02-12 12:34:12] 
        |  0  1  2  3  4  5  6  7  8  9  A  B  C  D  E  F      | 0123456789ABCDEF
    -----------------------------------------------------  ----------------------
      0 | 3A 04 97 01 00 00 00 00 -- -- -- -- -- -- -- --    0 | :.......--------

[2019-02-12 12:34:14]  (Injected)
        |  0  1  2  3  4  5  6  7  8  9  A  B  C  D  E  F      | 0123456789ABCDEF
    -----------------------------------------------------  ----------------------
      0 | 3A 04 00 00 00 00 00 00 -- -- -- -- -- -- -- --    0 | :.......--------

[2019-02-12 12:34:14] 
        |  0  1  2  3  4  5  6  7  8  9  A  B  C  D  E  F      | 0123456789ABCDEF
    -----------------------------------------------------  ----------------------
      0 | 3A 04 9D 01 00 00 00 00 -- -- -- -- -- -- -- --    0 | :.......--------

[2019-02-12 12:34:17]  (Injected)
        |  0  1  2  3  4  5  6  7  8  9  A  B  C  D  E  F      | 0123456789ABCDEF
    -----------------------------------------------------  ----------------------
      0 | 3A 04 00 00 00 00 00 00 -- -- -- -- -- -- -- --    0 | :.......--------

[2019-02-12 12:34:17] 
        |  0  1  2  3  4  5  6  7  8  9  A  B  C  D  E  F      | 0123456789ABCDEF
    -----------------------------------------------------  ----------------------
      0 | 3A 04 A3 01 00 00 00 00 -- -- -- -- -- -- -- --    0 | :.......--------

[2019-02-12 12:34:19] 
        |  0  1  2  3  4  5  6  7  8  9  A  B  C  D  E  F      | 0123456789ABCDEF
    -----------------------------------------------------  ----------------------
      0 | 3A 04 A8 01 00 00 00 00 -- -- -- -- -- -- -- --    0 | :.......--------

[2019-02-12 12:34:19]  (Injected)
        |  0  1  2  3  4  5  6  7  8  9  A  B  C  D  E  F      | 0123456789ABCDEF
    -----------------------------------------------------  ----------------------
      0 | 3A 04 00 00 00 00 00 00 -- -- -- -- -- -- -- --    0 | :.......--------

[2019-02-12 12:34:21] 
        |  0  1  2  3  4  5  6  7  8  9  A  B  C  D  E  F      | 0123456789ABCDEF
    -----------------------------------------------------  ----------------------
      0 | 3A 04 AD 01 00 00 00 00 -- -- -- -- -- -- -- --    0 | :.......--------

[2019-02-12 12:34:21]  (Injected)
        |  0  1  2  3  4  5  6  7  8  9  A  B  C  D  E  F      | 0123456789ABCDEF
    -----------------------------------------------------  ----------------------
      0 | 3A 04 00 00 00 00 00 00 -- -- -- -- -- -- -- --    0 | :.......--------

[2019-02-12 12:34:23] 
        |  0  1  2  3  4  5  6  7  8  9  A  B  C  D  E  F      | 0123456789ABCDEF
    -----------------------------------------------------  ----------------------
      0 | 3A 04 B3 01 00 00 00 00 -- -- -- -- -- -- -- --    0 | :.......--------

[2019-02-12 12:34:24]  (Injected)
        |  0  1  2  3  4  5  6  7  8  9  A  B  C  D  E  F      | 0123456789ABCDEF
    -----------------------------------------------------  ----------------------
      0 | 3A 04 00 00 00 00 00 00 -- -- -- -- -- -- -- --    0 | :.......--------

[2019-02-12 12:34:25] 
        |  0  1  2  3  4  5  6  7  8  9  A  B  C  D  E  F      | 0123456789ABCDEF
    -----------------------------------------------------  ----------------------
      0 | 3A 04 B8 01 00 00 00 00 -- -- -- -- -- -- -- --    0 | :.......--------

[2019-02-12 12:34:26]  (Injected)
        |  0  1  2  3  4  5  6  7  8  9  A  B  C  D  E  F      | 0123456789ABCDEF
    -----------------------------------------------------  ----------------------
      0 | 3A 04 00 00 00 00 00 00 -- -- -- -- -- -- -- --    0 | :.......--------

[2019-02-12 12:34:27] 
        |  0  1  2  3  4  5  6  7  8  9  A  B  C  D  E  F      | 0123456789ABCDEF
    -----------------------------------------------------  ----------------------
      0 | 3A 04 BD 01 00 00 00 00 -- -- -- -- -- -- -- --    0 | :.......--------

[2019-02-12 12:34:28]  (Injected)
        |  0  1  2  3  4  5  6  7  8  9  A  B  C  D  E  F      | 0123456789ABCDEF
    -----------------------------------------------------  ----------------------
      0 | 3A 04 00 00 00 00 00 00 -- -- -- -- -- -- -- --    0 | :.......--------

[2019-02-12 12:34:29] 
        |  0  1  2  3  4  5  6  7  8  9  A  B  C  D  E  F      | 0123456789ABCDEF
    -----------------------------------------------------  ----------------------
      0 | 3A 04 C3 01 00 00 00 00 -- -- -- -- -- -- -- --    0 | :.......--------

[2019-02-12 12:34:30]  (Injected)
        |  0  1  2  3  4  5  6  7  8  9  A  B  C  D  E  F      | 0123456789ABCDEF
    -----------------------------------------------------  ----------------------
      0 | 3A 04 00 00 00 00 00 00 -- -- -- -- -- -- -- --    0 | :.......--------

[2019-02-12 12:34:32] 
        |  0  1  2  3  4  5  6  7  8  9  A  B  C  D  E  F      | 0123456789ABCDEF
    -----------------------------------------------------  ----------------------
      0 | 3A 04 C9 01 00 00 00 00 -- -- -- -- -- -- -- --    0 | :.......--------

[2019-02-12 12:34:33]  (Injected)
        |  0  1  2  3  4  5  6  7  8  9  A  B  C  D  E  F      | 0123456789ABCDEF
    -----------------------------------------------------  ----------------------
      0 | 3A 04 00 00 00 00 00 00 -- -- -- -- -- -- -- --    0 | :.......--------

[2019-02-12 12:34:38]  (Injected)
        |  0  1  2  3  4  5  6  7  8  9  A  B  C  D  E  F      | 0123456789ABCDEF
    -----------------------------------------------------  ----------------------
      0 | 3A 04 00 00 00 00 00 00 -- -- -- -- -- -- -- --    0 | :.......--------

[2019-02-12 12:34:38] 
        |  0  1  2  3  4  5  6  7  8  9  A  B  C  D  E  F      | 0123456789ABCDEF
    -----------------------------------------------------  ----------------------
      0 | 3A 04 D7 01 00 00 00 00 -- -- -- -- -- -- -- --    0 | :.......--------

[2019-02-12 12:34:41]  (Injected)
        |  0  1  2  3  4  5  6  7  8  9  A  B  C  D  E  F      | 0123456789ABCDEF
    -----------------------------------------------------  ----------------------
      0 | 3A 04 00 00 00 00 00 00 -- -- -- -- -- -- -- --    0 | :.......--------

[2019-02-12 12:34:41] 
        |  0  1  2  3  4  5  6  7  8  9  A  B  C  D  E  F      | 0123456789ABCDEF
    -----------------------------------------------------  ----------------------
      0 | 3A 04 E0 01 00 00 00 00 -- -- -- -- -- -- -- --    0 | :.......--------

[2019-02-12 12:34:44]  (Injected)
        |  0  1  2  3  4  5  6  7  8  9  A  B  C  D  E  F      | 0123456789ABCDEF
    -----------------------------------------------------  ----------------------
      0 | 3A 04 00 00 00 00 00 00 -- -- -- -- -- -- -- --    0 | :.......--------

[2019-02-12 12:34:44] 
        |  0  1  2  3  4  5  6  7  8  9  A  B  C  D  E  F      | 0123456789ABCDEF
    -----------------------------------------------------  ----------------------
      0 | 3A 04 E6 01 00 00 00 00 -- -- -- -- -- -- -- --    0 | :.......--------

[2019-02-12 12:35:09]  (Injected)
        |  0  1  2  3  4  5  6  7  8  9  A  B  C  D  E  F      | 0123456789ABCDEF
    -----------------------------------------------------  ----------------------
      0 | 3A 04 00 00 00 00 00 00 -- -- -- -- -- -- -- --    0 | :.......--------

[2019-02-12 12:35:09] 
        |  0  1  2  3  4  5  6  7  8  9  A  B  C  D  E  F      | 0123456789ABCDEF
    -----------------------------------------------------  ----------------------
      0 | 3A 04 24 02 00 00 00 00 -- -- -- -- -- -- -- --    0 | :.$.....--------

[2019-02-12 12:35:11]  (Injected)
        |  0  1  2  3  4  5  6  7  8  9  A  B  C  D  E  F      | 0123456789ABCDEF
    -----------------------------------------------------  ----------------------
      0 | 3A 04 00 00 00 00 00 00 -- -- -- -- -- -- -- --    0 | :.......--------

[2019-02-12 12:35:14] 
        |  0  1  2  3  4  5  6  7  8  9  A  B  C  D  E  F      | 0123456789ABCDEF
    -----------------------------------------------------  ----------------------
      0 | 3A 04 32 02 07 00 00 00 -- -- -- -- -- -- -- --    0 | :.2.....--------

[2019-02-12 12:35:18]  (Injected)
        |  0  1  2  3  4  5  6  7  8  9  A  B  C  D  E  F      | 0123456789ABCDEF
    -----------------------------------------------------  ----------------------
      0 | 3A 04 00 00 00 00 00 00 -- -- -- -- -- -- -- --    0 | :.......--------

[2019-02-12 12:35:18] 
        |  0  1  2  3  4  5  6  7  8  9  A  B  C  D  E  F      | 0123456789ABCDEF
    -----------------------------------------------------  ----------------------
      0 | 3A 04 3B 02 00 00 00 00 -- -- -- -- -- -- -- --    0 | :.;.....--------

[2019-02-12 12:35:56]  (Injected)
        |  0  1  2  3  4  5  6  7  8  9  A  B  C  D  E  F      | 0123456789ABCDEF
    -----------------------------------------------------  ----------------------
      0 | 3A 04 00 00 00 00 00 00 -- -- -- -- -- -- -- --    0 | :.......--------

[2019-02-12 12:35:58]  (Injected)
        |  0  1  2  3  4  5  6  7  8  9  A  B  C  D  E  F      | 0123456789ABCDEF
    -----------------------------------------------------  ----------------------
      0 | 3A 04 00 00 00 00 00 00 -- -- -- -- -- -- -- --    0 | :.......--------

[2019-02-12 12:36:00]  (Injected)
        |  0  1  2  3  4  5  6  7  8  9  A  B  C  D  E  F      | 0123456789ABCDEF
    -----------------------------------------------------  ----------------------
      0 | 3A 04 00 00 00 00 00 00 -- -- -- -- -- -- -- --    0 | :.......--------

[2019-02-12 12:36:03]  (Injected)
        |  0  1  2  3  4  5  6  7  8  9  A  B  C  D  E  F      | 0123456789ABCDEF
    -----------------------------------------------------  ----------------------
      0 | 3A 04 00 00 00 00 00 00 -- -- -- -- -- -- -- --    0 | :.......--------

