[2019-02-12 12:31:59] 
        |  0  1  2  3  4  5  6  7  8  9  A  B  C  D  E  F      | 0123456789ABCDEF
    -----------------------------------------------------  ----------------------
      0 | 34 06 4F 00 01 00 00 00 0C 10 10 01 -- -- -- --    0 | 4.O.........----

[2019-02-12 12:32:00] 
        |  0  1  2  3  4  5  6  7  8  9  A  B  C  D  E  F      | 0123456789ABCDEF
    -----------------------------------------------------  ----------------------
      0 | 34 06 53 00 01 00 00 00 0E 10 11 02 -- -- -- --    0 | 4.S.........----

[2019-02-12 12:32:06] 
        |  0  1  2  3  4  5  6  7  8  9  A  B  C  D  E  F      | 0123456789ABCDEF
    -----------------------------------------------------  ----------------------
      0 | 34 06 60 00 0C 00 00 00 8E 02 39 03 -- -- -- --    0 | 4.`.......9.----

[2019-02-12 12:32:07] 
        |  0  1  2  3  4  5  6  7  8  9  A  B  C  D  E  F      | 0123456789ABCDEF
    -----------------------------------------------------  ----------------------
      0 | 34 06 63 00 0C 00 00 00 8E 02 1D 04 -- -- -- --    0 | 4.c.........----

[2019-02-12 12:32:08] 
        |  0  1  2  3  4  5  6  7  8  9  A  B  C  D  E  F      | 0123456789ABCDEF
    -----------------------------------------------------  ----------------------
      0 | 34 06 67 00 0C 00 00 00 8E 02 09 08 -- -- -- --    0 | 4.g.........----

[2019-02-12 12:32:10] 
        |  0  1  2  3  4  5  6  7  8  9  A  B  C  D  E  F      | 0123456789ABCDEF
    -----------------------------------------------------  ----------------------
      0 | 34 06 6B 00 0C 00 00 00 BF 02 0C 07 -- -- -- --    0 | 4.k.........----

[2019-02-12 12:32:12] 
        |  0  1  2  3  4  5  6  7  8  9  A  B  C  D  E  F      | 0123456789ABCDEF
    -----------------------------------------------------  ----------------------
      0 | 34 06 6F 00 0C 00 00 00 BF 02 05 06 -- -- -- --    0 | 4.o.........----

[2019-02-12 12:32:13] 
        |  0  1  2  3  4  5  6  7  8  9  A  B  C  D  E  F      | 0123456789ABCDEF
    -----------------------------------------------------  ----------------------
      0 | 34 06 72 00 0C 00 00 00 BF 02 12 05 -- -- -- --    0 | 4.r.........----

[2019-02-12 12:32:26] 
        |  0  1  2  3  4  5  6  7  8  9  A  B  C  D  E  F      | 0123456789ABCDEF
    -----------------------------------------------------  ----------------------
      0 | 34 06 92 00 0C 00 00 00 BF 02 1A 01 -- -- -- --    0 | 4...........----

[2019-02-12 12:32:28] 
        |  0  1  2  3  4  5  6  7  8  9  A  B  C  D  E  F      | 0123456789ABCDEF
    -----------------------------------------------------  ----------------------
      0 | 34 06 97 00 0C 00 00 00 BF 02 2B 02 -- -- -- --    0 | 4.........+.----

[2019-02-12 12:32:30] 
        |  0  1  2  3  4  5  6  7  8  9  A  B  C  D  E  F      | 0123456789ABCDEF
    -----------------------------------------------------  ----------------------
      0 | 34 06 9D 00 0C 00 00 00 E4 02 02 03 -- -- -- --    0 | 4...........----

[2019-02-12 12:32:32] 
        |  0  1  2  3  4  5  6  7  8  9  A  B  C  D  E  F      | 0123456789ABCDEF
    -----------------------------------------------------  ----------------------
      0 | 34 06 A1 00 0C 00 00 00 E4 02 19 04 -- -- -- --    0 | 4...........----

[2019-02-12 12:32:36] 
        |  0  1  2  3  4  5  6  7  8  9  A  B  C  D  E  F      | 0123456789ABCDEF
    -----------------------------------------------------  ----------------------
      0 | 34 06 AC 00 0C 00 00 00 E9 02 16 08 -- -- -- --    0 | 4...........----

[2019-02-12 12:32:38] 
        |  0  1  2  3  4  5  6  7  8  9  A  B  C  D  E  F      | 0123456789ABCDEF
    -----------------------------------------------------  ----------------------
      0 | 34 06 B1 00 0C 00 00 00 E9 02 33 07 -- -- -- --    0 | 4.........3.----

[2019-02-12 12:32:48] 
        |  0  1  2  3  4  5  6  7  8  9  A  B  C  D  E  F      | 0123456789ABCDEF
    -----------------------------------------------------  ----------------------
      0 | 34 06 C9 00 0C 00 00 00 E9 02 25 06 -- -- -- --    0 | 4.........%.----

[2019-02-12 12:32:50] 
        |  0  1  2  3  4  5  6  7  8  9  A  B  C  D  E  F      | 0123456789ABCDEF
    -----------------------------------------------------  ----------------------
      0 | 34 06 CD 00 0C 00 00 00 E9 02 13 05 -- -- -- --    0 | 4...........----

[2019-02-12 12:33:12] 
        |  0  1  2  3  4  5  6  7  8  9  A  B  C  D  E  F      | 0123456789ABCDEF
    -----------------------------------------------------  ----------------------
      0 | 34 06 05 01 0C 00 00 00 62 03 35 01 -- -- -- --    0 | 4.......b.5.----

[2019-02-12 12:33:14] 
        |  0  1  2  3  4  5  6  7  8  9  A  B  C  D  E  F      | 0123456789ABCDEF
    -----------------------------------------------------  ----------------------
      0 | 34 06 09 01 0C 00 00 00 6C 04 21 02 -- -- -- --    0 | 4.......l.!.----

[2019-02-12 12:33:15] 
        |  0  1  2  3  4  5  6  7  8  9  A  B  C  D  E  F      | 0123456789ABCDEF
    -----------------------------------------------------  ----------------------
      0 | 34 06 0C 01 0C 00 00 00 6C 04 22 03 -- -- -- --    0 | 4.......l.".----

[2019-02-12 12:33:17] 
        |  0  1  2  3  4  5  6  7  8  9  A  B  C  D  E  F      | 0123456789ABCDEF
    -----------------------------------------------------  ----------------------
      0 | 34 06 11 01 0C 00 00 00 62 03 29 04 -- -- -- --    0 | 4.......b.).----

[2019-02-12 12:33:18] 
        |  0  1  2  3  4  5  6  7  8  9  A  B  C  D  E  F      | 0123456789ABCDEF
    -----------------------------------------------------  ----------------------
      0 | 34 06 14 01 0C 00 00 00 4C 03 08 08 -- -- -- --    0 | 4.......L...----

[2019-02-12 12:33:20] 
        |  0  1  2  3  4  5  6  7  8  9  A  B  C  D  E  F      | 0123456789ABCDEF
    -----------------------------------------------------  ----------------------
      0 | 34 06 17 01 0C 00 00 00 4C 03 07 07 -- -- -- --    0 | 4.......L...----

[2019-02-12 12:33:23] 
        |  0  1  2  3  4  5  6  7  8  9  A  B  C  D  E  F      | 0123456789ABCDEF
    -----------------------------------------------------  ----------------------
      0 | 34 06 1F 01 0C 00 00 00 3E 03 0E 06 -- -- -- --    0 | 4.......>...----

[2019-02-12 12:33:26] 
        |  0  1  2  3  4  5  6  7  8  9  A  B  C  D  E  F      | 0123456789ABCDEF
    -----------------------------------------------------  ----------------------
      0 | 34 06 26 01 0C 00 00 00 37 03 17 05 -- -- -- --    0 | 4.&.....7...----

[2019-02-12 12:33:37] 
        |  0  1  2  3  4  5  6  7  8  9  A  B  C  D  E  F      | 0123456789ABCDEF
    -----------------------------------------------------  ----------------------
      0 | 34 06 42 01 0C 00 00 00 37 03 14 01 -- -- -- --    0 | 4.B.....7...----

[2019-02-12 12:33:40] 
        |  0  1  2  3  4  5  6  7  8  9  A  B  C  D  E  F      | 0123456789ABCDEF
    -----------------------------------------------------  ----------------------
      0 | 34 06 48 01 0C 00 00 00 22 03 32 02 -- -- -- --    0 | 4.H.....".2.----

[2019-02-12 12:33:41] 
        |  0  1  2  3  4  5  6  7  8  9  A  B  C  D  E  F      | 0123456789ABCDEF
    -----------------------------------------------------  ----------------------
      0 | 34 06 4B 01 00 00 00 00 22 03 32 02 -- -- -- --    0 | 4.K.....".2.----

[2019-02-12 12:33:45] 
        |  0  1  2  3  4  5  6  7  8  9  A  B  C  D  E  F      | 0123456789ABCDEF
    -----------------------------------------------------  ----------------------
      0 | 34 06 55 01 0C 00 00 00 EA 02 1E 02 -- -- -- --    0 | 4.U.........----

