[2019-02-12 12:31:55] 
        |  0  1  2  3  4  5  6  7  8  9  A  B  C  D  E  F      | 0123456789ABCDEF
    -----------------------------------------------------  ----------------------
      0 | 33 06 45 00 00 00 00 00 00 00 00 00 -- -- -- --    0 | 3.E.........----

[2019-02-12 12:32:14] 
        |  0  1  2  3  4  5  6  7  8  9  A  B  C  D  E  F      | 0123456789ABCDEF
    -----------------------------------------------------  ----------------------
      0 | 33 06 75 00 02 00 00 00 00 00 00 00 -- -- -- --    0 | 3.u.........----

[2019-02-12 12:32:22] 
        |  0  1  2  3  4  5  6  7  8  9  A  B  C  D  E  F      | 0123456789ABCDEF
    -----------------------------------------------------  ----------------------
      0 | 33 06 88 00 00 00 00 00 00 00 00 00 -- -- -- --    0 | 3...........----

[2019-02-12 12:32:51] 
        |  0  1  2  3  4  5  6  7  8  9  A  B  C  D  E  F      | 0123456789ABCDEF
    -----------------------------------------------------  ----------------------
      0 | 33 06 CF 00 02 00 00 00 00 00 00 00 -- -- -- --    0 | 3...........----

[2019-02-12 12:32:56] 
        |  0  1  2  3  4  5  6  7  8  9  A  B  C  D  E  F      | 0123456789ABCDEF
    -----------------------------------------------------  ----------------------
      0 | 33 06 DC 00 00 00 00 00 00 00 00 00 -- -- -- --    0 | 3...........----

[2019-02-12 12:33:04] 
        |  0  1  2  3  4  5  6  7  8  9  A  B  C  D  E  F      | 0123456789ABCDEF
    -----------------------------------------------------  ----------------------
      0 | 33 06 EF 00 00 00 00 00 00 00 00 05 -- -- -- --    0 | 3...........----

[2019-02-12 12:33:27] 
        |  0  1  2  3  4  5  6  7  8  9  A  B  C  D  E  F      | 0123456789ABCDEF
    -----------------------------------------------------  ----------------------
      0 | 33 06 29 01 02 00 00 00 00 00 C0 40 -- -- -- --    0 | 3.)........@----

[2019-02-12 12:33:48] 
        |  0  1  2  3  4  5  6  7  8  9  A  B  C  D  E  F      | 0123456789ABCDEF
    -----------------------------------------------------  ----------------------
      0 | 33 06 5C 01 02 00 00 00 00 00 C0 40 -- -- -- --    0 | 3.\\........@----

