[2019-02-12 12:20:38] 
        |  0  1  2  3  4  5  6  7  8  9  A  B  C  D  E  F      | 0123456789ABCDEF
    -----------------------------------------------------  ----------------------
      0 | 5B 0A 6E 02 E8 82 06 01 01 00 63 00 E8 02 00 00    0 | [.n.......c.....
      1 | 68 00 3D 00 -- -- -- -- -- -- -- -- -- -- -- --    1 | h.=.------------

[2019-02-12 12:21:37] 
        |  0  1  2  3  4  5  6  7  8  9  A  B  C  D  E  F      | 0123456789ABCDEF
    -----------------------------------------------------  ----------------------
      0 | 5B 0A FF 02 E8 82 06 01 01 00 63 00 E8 02 00 00    0 | [.........c.....
      1 | 68 00 3D 00 -- -- -- -- -- -- -- -- -- -- -- --    1 | h.=.------------

[2019-02-12 12:21:55] 
        |  0  1  2  3  4  5  6  7  8  9  A  B  C  D  E  F      | 0123456789ABCDEF
    -----------------------------------------------------  ----------------------
      0 | 5B 0A 2D 03 E8 82 06 01 01 00 63 00 E8 02 00 00    0 | [.-.......c.....
      1 | 68 00 3D 00 -- -- -- -- -- -- -- -- -- -- -- --    1 | h.=.------------

[2019-02-12 12:25:38]  (Injected)
        |  0  1  2  3  4  5  6  7  8  9  A  B  C  D  E  F      | 0123456789ABCDEF
    -----------------------------------------------------  ----------------------
      0 | 5B 0A 00 00 E8 82 06 01 01 00 00 00 E8 02 00 00    0 | [...............
      1 | 68 00 3D 00 -- -- -- -- -- -- -- -- -- -- -- --    1 | h.=.------------

[2019-02-12 12:25:46]  (Injected)
        |  0  1  2  3  4  5  6  7  8  9  A  B  C  D  E  F      | 0123456789ABCDEF
    -----------------------------------------------------  ----------------------
      0 | 5B 0A 00 00 E8 82 06 01 01 00 00 00 E8 02 00 00    0 | [...............
      1 | 68 00 3D 00 -- -- -- -- -- -- -- -- -- -- -- --    1 | h.=.------------

[2019-02-12 12:25:49]  (Injected)
        |  0  1  2  3  4  5  6  7  8  9  A  B  C  D  E  F      | 0123456789ABCDEF
    -----------------------------------------------------  ----------------------
      0 | 5B 0A 00 00 E8 82 06 01 01 00 00 00 E8 02 00 00    0 | [...............
      1 | 68 00 3D 00 -- -- -- -- -- -- -- -- -- -- -- --    1 | h.=.------------

[2019-02-12 12:25:55]  (Injected)
        |  0  1  2  3  4  5  6  7  8  9  A  B  C  D  E  F      | 0123456789ABCDEF
    -----------------------------------------------------  ----------------------
      0 | 5B 0A 00 00 E8 82 06 01 01 00 00 00 E8 02 00 00    0 | [...............
      1 | 68 00 3D 00 -- -- -- -- -- -- -- -- -- -- -- --    1 | h.=.------------

[2019-02-12 12:26:10] 
        |  0  1  2  3  4  5  6  7  8  9  A  B  C  D  E  F      | 0123456789ABCDEF
    -----------------------------------------------------  ----------------------
      0 | 5B 0A A2 05 E8 82 06 01 01 00 63 00 E8 02 00 00    0 | [.........c.....
      1 | 68 00 3D 00 -- -- -- -- -- -- -- -- -- -- -- --    1 | h.=.------------

[2019-02-12 12:26:27]  (Injected)
        |  0  1  2  3  4  5  6  7  8  9  A  B  C  D  E  F      | 0123456789ABCDEF
    -----------------------------------------------------  ----------------------
      0 | 5B 0A 00 00 E8 82 06 01 01 00 00 00 E8 02 00 00    0 | [...............
      1 | 68 00 3D 00 -- -- -- -- -- -- -- -- -- -- -- --    1 | h.=.------------

[2019-02-12 12:26:59]  (Injected)
        |  0  1  2  3  4  5  6  7  8  9  A  B  C  D  E  F      | 0123456789ABCDEF
    -----------------------------------------------------  ----------------------
      0 | 5B 0A 00 00 E8 82 06 01 01 00 63 00 E8 02 00 00    0 | [.........c.....
      1 | 68 00 3D 00 -- -- -- -- -- -- -- -- -- -- -- --    1 | h.=.------------

[2019-02-12 12:27:04]  (Injected)
        |  0  1  2  3  4  5  6  7  8  9  A  B  C  D  E  F      | 0123456789ABCDEF
    -----------------------------------------------------  ----------------------
      0 | 5B 0A 00 00 E8 82 06 01 01 00 63 00 E8 02 00 00    0 | [.........c.....
      1 | 68 00 3D 00 -- -- -- -- -- -- -- -- -- -- -- --    1 | h.=.------------

[2019-02-12 12:27:29] 
        |  0  1  2  3  4  5  6  7  8  9  A  B  C  D  E  F      | 0123456789ABCDEF
    -----------------------------------------------------  ----------------------
      0 | 5B 0A 64 06 E8 82 06 01 01 00 63 00 E8 02 00 00    0 | [.d.......c.....
      1 | 68 00 3D 00 -- -- -- -- -- -- -- -- -- -- -- --    1 | h.=.------------

[2019-02-12 12:27:39]  (Injected)
        |  0  1  2  3  4  5  6  7  8  9  A  B  C  D  E  F      | 0123456789ABCDEF
    -----------------------------------------------------  ----------------------
      0 | 5B 0A 00 00 E8 82 06 01 01 00 63 00 E8 02 00 00    0 | [.........c.....
      1 | 68 00 3D 00 -- -- -- -- -- -- -- -- -- -- -- --    1 | h.=.------------

[2019-02-12 12:27:54] 
        |  0  1  2  3  4  5  6  7  8  9  A  B  C  D  E  F      | 0123456789ABCDEF
    -----------------------------------------------------  ----------------------
      0 | 5B 0A A2 06 E8 82 06 01 01 00 63 00 E8 02 00 00    0 | [.........c.....
      1 | 68 00 3D 00 -- -- -- -- -- -- -- -- -- -- -- --    1 | h.=.------------

[2019-02-12 12:28:03]  (Injected)
        |  0  1  2  3  4  5  6  7  8  9  A  B  C  D  E  F      | 0123456789ABCDEF
    -----------------------------------------------------  ----------------------
      0 | 5B 0A 00 00 E8 82 06 01 01 00 63 00 E8 02 00 00    0 | [.........c.....
      1 | 68 00 3D 00 -- -- -- -- -- -- -- -- -- -- -- --    1 | h.=.------------

[2019-02-12 12:28:05]  (Injected)
        |  0  1  2  3  4  5  6  7  8  9  A  B  C  D  E  F      | 0123456789ABCDEF
    -----------------------------------------------------  ----------------------
      0 | 5B 0A 00 00 E8 82 06 01 01 00 63 00 E8 02 00 00    0 | [.........c.....
      1 | 68 00 3D 00 -- -- -- -- -- -- -- -- -- -- -- --    1 | h.=.------------

[2019-02-12 12:28:17] 
        |  0  1  2  3  4  5  6  7  8  9  A  B  C  D  E  F      | 0123456789ABCDEF
    -----------------------------------------------------  ----------------------
      0 | 5B 0A DC 06 E8 82 06 01 01 00 63 00 E8 02 00 00    0 | [.........c.....
      1 | 68 00 3D 00 -- -- -- -- -- -- -- -- -- -- -- --    1 | h.=.------------

[2019-02-12 12:28:30]  (Injected)
        |  0  1  2  3  4  5  6  7  8  9  A  B  C  D  E  F      | 0123456789ABCDEF
    -----------------------------------------------------  ----------------------
      0 | 5B 0A 00 00 E8 82 06 01 01 00 63 00 E8 02 00 00    0 | [.........c.....
      1 | 68 00 3D 00 -- -- -- -- -- -- -- -- -- -- -- --    1 | h.=.------------

[2019-02-12 12:28:32]  (Injected)
        |  0  1  2  3  4  5  6  7  8  9  A  B  C  D  E  F      | 0123456789ABCDEF
    -----------------------------------------------------  ----------------------
      0 | 5B 0A 00 00 E8 82 06 01 01 00 63 00 E8 02 00 00    0 | [.........c.....
      1 | 68 00 3D 00 -- -- -- -- -- -- -- -- -- -- -- --    1 | h.=.------------

[2019-02-12 12:28:52] 
        |  0  1  2  3  4  5  6  7  8  9  A  B  C  D  E  F      | 0123456789ABCDEF
    -----------------------------------------------------  ----------------------
      0 | 5B 0A 32 07 E8 82 06 01 01 00 63 00 E8 02 00 00    0 | [.2.......c.....
      1 | 68 00 3D 00 -- -- -- -- -- -- -- -- -- -- -- --    1 | h.=.------------

[2019-02-12 12:29:02] 
        |  0  1  2  3  4  5  6  7  8  9  A  B  C  D  E  F      | 0123456789ABCDEF
    -----------------------------------------------------  ----------------------
      0 | 5B 0A 4A 07 E8 82 06 01 01 00 63 00 E8 02 00 00    0 | [.J.......c.....
      1 | 68 00 3D 00 -- -- -- -- -- -- -- -- -- -- -- --    1 | h.=.------------

[2019-02-12 12:31:07] 
        |  0  1  2  3  4  5  6  7  8  9  A  B  C  D  E  F      | 0123456789ABCDEF
    -----------------------------------------------------  ----------------------
      0 | 5B 0A 8F 00 39 60 0F 01 08 00 00 00 39 00 01 00    0 | [...9`......9...
      1 | F6 00 FC 21 -- -- -- -- -- -- -- -- -- -- -- --    1 | ...!------------

[2019-02-12 12:31:14] 
        |  0  1  2  3  4  5  6  7  8  9  A  B  C  D  E  F      | 0123456789ABCDEF
    -----------------------------------------------------  ----------------------
      0 | 5B 0A A0 00 39 60 0F 01 02 00 63 00 39 00 01 00    0 | [...9`....c.9...
      1 | F6 00 FC 21 -- -- -- -- -- -- -- -- -- -- -- --    1 | ...!------------

[2019-02-12 12:31:20] 
        |  0  1  2  3  4  5  6  7  8  9  A  B  C  D  E  F      | 0123456789ABCDEF
    -----------------------------------------------------  ----------------------
      0 | 5B 0A AE 00 39 60 0F 01 02 00 63 00 39 00 00 00    0 | [...9`....c.9...
      1 | F6 00 FC 21 -- -- -- -- -- -- -- -- -- -- -- --    1 | ...!------------

[2019-02-12 12:35:34] 
        |  0  1  2  3  4  5  6  7  8  9  A  B  C  D  E  F      | 0123456789ABCDEF
    -----------------------------------------------------  ----------------------
      0 | 5B 0A 63 02 46 A0 0E 01 08 00 00 00 46 00 01 00    0 | [.c.F.......F...
      1 | EA 00 FE 21 -- -- -- -- -- -- -- -- -- -- -- --    1 | ...!------------

[2019-02-12 12:35:44] 
        |  0  1  2  3  4  5  6  7  8  9  A  B  C  D  E  F      | 0123456789ABCDEF
    -----------------------------------------------------  ----------------------
      0 | 5B 0A 7A 02 46 A0 0E 01 02 00 3B 00 46 00 01 00    0 | [.z.F.....;.F...
      1 | EA 00 FE 21 -- -- -- -- -- -- -- -- -- -- -- --    1 | ...!------------

[2019-02-12 12:35:49] 
        |  0  1  2  3  4  5  6  7  8  9  A  B  C  D  E  F      | 0123456789ABCDEF
    -----------------------------------------------------  ----------------------
      0 | 5B 0A 88 02 46 A0 0E 01 02 00 3B 00 46 00 00 00    0 | [...F.....;.F...
      1 | EA 00 FE 21 -- -- -- -- -- -- -- -- -- -- -- --    1 | ...!------------

