[2019-02-12 12:29:08] 
        |  0  1  2  3  4  5  6  7  8  9  A  B  C  D  E  F      | 0123456789ABCDEF
    -----------------------------------------------------  ----------------------
      0 | 61 04 59 07 01 29 78 42 -- -- -- -- -- -- -- --    0 | a.Y..)xB--------

[2019-02-12 12:29:09] 
        |  0  1  2  3  4  5  6  7  8  9  A  B  C  D  E  F      | 0123456789ABCDEF
    -----------------------------------------------------  ----------------------
      0 | 61 04 5C 07 00 82 06 01 -- -- -- -- -- -- -- --    0 | a.\\.....--------

[2019-02-12 12:30:08] 
        |  0  1  2  3  4  5  6  7  8  9  A  B  C  D  E  F      | 0123456789ABCDEF
    -----------------------------------------------------  ----------------------
      0 | 61 04 03 00 00 00 00 00 -- -- -- -- -- -- -- --    0 | a.......--------

[2019-02-12 12:31:25] 
        |  0  1  2  3  4  5  6  7  8  9  A  B  C  D  E  F      | 0123456789ABCDEF
    -----------------------------------------------------  ----------------------
      0 | 61 04 03 00 00 00 00 00 -- -- -- -- -- -- -- --    0 | a.......--------

[2019-02-12 12:35:56] 
        |  0  1  2  3  4  5  6  7  8  9  A  B  C  D  E  F      | 0123456789ABCDEF
    -----------------------------------------------------  ----------------------
      0 | 61 04 03 00 00 00 00 00 -- -- -- -- -- -- -- --    0 | a.......--------

