[2019-02-12 12:34:07] 
        |  0  1  2  3  4  5  6  7  8  9  A  B  C  D  E  F      | 0123456789ABCDEF
    -----------------------------------------------------  ----------------------
      0 | 85 04 8C 01 01 00 D0 42 -- -- -- -- -- -- -- --    0 | .......B--------

[2019-02-12 12:34:11] 
        |  0  1  2  3  4  5  6  7  8  9  A  B  C  D  E  F      | 0123456789ABCDEF
    -----------------------------------------------------  ----------------------
      0 | 85 04 96 01 01 00 D0 42 -- -- -- -- -- -- -- --    0 | .......B--------

[2019-02-12 12:34:14] 
        |  0  1  2  3  4  5  6  7  8  9  A  B  C  D  E  F      | 0123456789ABCDEF
    -----------------------------------------------------  ----------------------
      0 | 85 04 9C 01 01 00 D0 42 -- -- -- -- -- -- -- --    0 | .......B--------

[2019-02-12 12:34:16] 
        |  0  1  2  3  4  5  6  7  8  9  A  B  C  D  E  F      | 0123456789ABCDEF
    -----------------------------------------------------  ----------------------
      0 | 85 04 A2 01 01 00 D0 42 -- -- -- -- -- -- -- --    0 | .......B--------

[2019-02-12 12:34:18] 
        |  0  1  2  3  4  5  6  7  8  9  A  B  C  D  E  F      | 0123456789ABCDEF
    -----------------------------------------------------  ----------------------
      0 | 85 04 A7 01 01 00 D0 42 -- -- -- -- -- -- -- --    0 | .......B--------

[2019-02-12 12:34:20] 
        |  0  1  2  3  4  5  6  7  8  9  A  B  C  D  E  F      | 0123456789ABCDEF
    -----------------------------------------------------  ----------------------
      0 | 85 04 AC 01 01 00 D0 42 -- -- -- -- -- -- -- --    0 | .......B--------

[2019-02-12 12:34:23] 
        |  0  1  2  3  4  5  6  7  8  9  A  B  C  D  E  F      | 0123456789ABCDEF
    -----------------------------------------------------  ----------------------
      0 | 85 04 B2 01 01 00 D0 42 -- -- -- -- -- -- -- --    0 | .......B--------

[2019-02-12 12:34:25] 
        |  0  1  2  3  4  5  6  7  8  9  A  B  C  D  E  F      | 0123456789ABCDEF
    -----------------------------------------------------  ----------------------
      0 | 85 04 B7 01 01 00 D3 42 -- -- -- -- -- -- -- --    0 | .......B--------

[2019-02-12 12:34:27] 
        |  0  1  2  3  4  5  6  7  8  9  A  B  C  D  E  F      | 0123456789ABCDEF
    -----------------------------------------------------  ----------------------
      0 | 85 04 BC 01 01 00 D3 42 -- -- -- -- -- -- -- --    0 | .......B--------

[2019-02-12 12:34:29] 
        |  0  1  2  3  4  5  6  7  8  9  A  B  C  D  E  F      | 0123456789ABCDEF
    -----------------------------------------------------  ----------------------
      0 | 85 04 C2 01 01 00 D3 42 -- -- -- -- -- -- -- --    0 | .......B--------

[2019-02-12 12:34:31] 
        |  0  1  2  3  4  5  6  7  8  9  A  B  C  D  E  F      | 0123456789ABCDEF
    -----------------------------------------------------  ----------------------
      0 | 85 04 C8 01 01 00 D3 42 -- -- -- -- -- -- -- --    0 | .......B--------

[2019-02-12 12:34:37] 
        |  0  1  2  3  4  5  6  7  8  9  A  B  C  D  E  F      | 0123456789ABCDEF
    -----------------------------------------------------  ----------------------
      0 | 85 04 D6 01 01 00 D3 42 -- -- -- -- -- -- -- --    0 | .......B--------

[2019-02-12 12:34:41] 
        |  0  1  2  3  4  5  6  7  8  9  A  B  C  D  E  F      | 0123456789ABCDEF
    -----------------------------------------------------  ----------------------
      0 | 85 04 DF 01 01 00 D3 42 -- -- -- -- -- -- -- --    0 | .......B--------

[2019-02-12 12:34:43] 
        |  0  1  2  3  4  5  6  7  8  9  A  B  C  D  E  F      | 0123456789ABCDEF
    -----------------------------------------------------  ----------------------
      0 | 85 04 E5 01 01 00 D3 42 -- -- -- -- -- -- -- --    0 | .......B--------

