[2019-02-12 12:34:05] 
        |  0  1  2  3  4  5  6  7  8  9  A  B  C  D  E  F      | 0123456789ABCDEF
    -----------------------------------------------------  ----------------------
      0 | 84 06 87 01 01 00 00 00 06 12 2E 40 -- -- -- --    0 | ...........@----

[2019-02-12 12:34:07] 
        |  0  1  2  3  4  5  6  7  8  9  A  B  C  D  E  F      | 0123456789ABCDEF
    -----------------------------------------------------  ----------------------
      0 | 84 06 8C 01 01 00 00 00 06 12 2E 40 -- -- -- --    0 | ...........@----

[2019-02-12 12:34:08] 
        |  0  1  2  3  4  5  6  7  8  9  A  B  C  D  E  F      | 0123456789ABCDEF
    -----------------------------------------------------  ----------------------
      0 | 84 06 8E 01 01 00 00 00 A3 12 34 40 -- -- -- --    0 | ..........4@----

[2019-02-12 12:34:11] 
        |  0  1  2  3  4  5  6  7  8  9  A  B  C  D  E  F      | 0123456789ABCDEF
    -----------------------------------------------------  ----------------------
      0 | 84 06 96 01 01 00 00 00 A3 12 34 40 -- -- -- --    0 | ..........4@----

[2019-02-12 12:34:12] 
        |  0  1  2  3  4  5  6  7  8  9  A  B  C  D  E  F      | 0123456789ABCDEF
    -----------------------------------------------------  ----------------------
      0 | 84 06 98 01 01 00 00 00 F8 12 2D 40 -- -- -- --    0 | ..........-@----

[2019-02-12 12:34:14] 
        |  0  1  2  3  4  5  6  7  8  9  A  B  C  D  E  F      | 0123456789ABCDEF
    -----------------------------------------------------  ----------------------
      0 | 84 06 9C 01 01 00 00 00 F8 12 2D 40 -- -- -- --    0 | ..........-@----

[2019-02-12 12:34:15] 
        |  0  1  2  3  4  5  6  7  8  9  A  B  C  D  E  F      | 0123456789ABCDEF
    -----------------------------------------------------  ----------------------
      0 | 84 06 9E 01 01 00 00 00 19 13 1B 40 -- -- -- --    0 | ...........@----

[2019-02-12 12:34:16] 
        |  0  1  2  3  4  5  6  7  8  9  A  B  C  D  E  F      | 0123456789ABCDEF
    -----------------------------------------------------  ----------------------
      0 | 84 06 A2 01 01 00 00 00 19 13 1B 40 -- -- -- --    0 | ...........@----

[2019-02-12 12:34:17] 
        |  0  1  2  3  4  5  6  7  8  9  A  B  C  D  E  F      | 0123456789ABCDEF
    -----------------------------------------------------  ----------------------
      0 | 84 06 A4 01 01 00 00 00 1F 13 04 40 -- -- -- --    0 | ...........@----

[2019-02-12 12:34:18] 
        |  0  1  2  3  4  5  6  7  8  9  A  B  C  D  E  F      | 0123456789ABCDEF
    -----------------------------------------------------  ----------------------
      0 | 84 06 A7 01 01 00 00 00 1F 13 04 40 -- -- -- --    0 | ...........@----

[2019-02-12 12:34:19] 
        |  0  1  2  3  4  5  6  7  8  9  A  B  C  D  E  F      | 0123456789ABCDEF
    -----------------------------------------------------  ----------------------
      0 | 84 06 A9 01 01 00 00 00 66 13 2C 40 -- -- -- --    0 | ........f.,@----

[2019-02-12 12:34:20] 
        |  0  1  2  3  4  5  6  7  8  9  A  B  C  D  E  F      | 0123456789ABCDEF
    -----------------------------------------------------  ----------------------
      0 | 84 06 AC 01 01 00 00 00 66 13 2C 40 -- -- -- --    0 | ........f.,@----

[2019-02-12 12:34:21] 
        |  0  1  2  3  4  5  6  7  8  9  A  B  C  D  E  F      | 0123456789ABCDEF
    -----------------------------------------------------  ----------------------
      0 | 84 06 AE 01 01 00 00 00 79 13 06 40 -- -- -- --    0 | ........y..@----

[2019-02-12 12:34:23] 
        |  0  1  2  3  4  5  6  7  8  9  A  B  C  D  E  F      | 0123456789ABCDEF
    -----------------------------------------------------  ----------------------
      0 | 84 06 B2 01 01 00 00 00 79 13 06 40 -- -- -- --    0 | ........y..@----

[2019-02-12 12:34:23] 
        |  0  1  2  3  4  5  6  7  8  9  A  B  C  D  E  F      | 0123456789ABCDEF
    -----------------------------------------------------  ----------------------
      0 | 84 06 B4 01 01 00 00 00 C0 13 0D 00 -- -- -- --    0 | ............----

[2019-02-12 12:34:25] 
        |  0  1  2  3  4  5  6  7  8  9  A  B  C  D  E  F      | 0123456789ABCDEF
    -----------------------------------------------------  ----------------------
      0 | 84 06 B7 01 01 00 00 00 C0 13 0D 40 -- -- -- --    0 | ...........@----

[2019-02-12 12:34:25] 
        |  0  1  2  3  4  5  6  7  8  9  A  B  C  D  E  F      | 0123456789ABCDEF
    -----------------------------------------------------  ----------------------
      0 | 84 06 B9 01 01 00 00 00 C3 13 31 40 -- -- -- --    0 | ..........1@----

[2019-02-12 12:34:27] 
        |  0  1  2  3  4  5  6  7  8  9  A  B  C  D  E  F      | 0123456789ABCDEF
    -----------------------------------------------------  ----------------------
      0 | 84 06 BC 01 01 00 00 00 C3 13 31 40 -- -- -- --    0 | ..........1@----

[2019-02-12 12:34:27] 
        |  0  1  2  3  4  5  6  7  8  9  A  B  C  D  E  F      | 0123456789ABCDEF
    -----------------------------------------------------  ----------------------
      0 | 84 06 BE 01 01 00 00 00 D6 13 24 40 -- -- -- --    0 | ..........$@----

[2019-02-12 12:34:29] 
        |  0  1  2  3  4  5  6  7  8  9  A  B  C  D  E  F      | 0123456789ABCDEF
    -----------------------------------------------------  ----------------------
      0 | 84 06 C2 01 01 00 00 00 D6 13 24 40 -- -- -- --    0 | ..........$@----

[2019-02-12 12:34:30] 
        |  0  1  2  3  4  5  6  7  8  9  A  B  C  D  E  F      | 0123456789ABCDEF
    -----------------------------------------------------  ----------------------
      0 | 84 06 C4 01 01 00 00 00 D7 13 20 40 -- -- -- --    0 | .......... @----

[2019-02-12 12:34:30] 
        |  0  1  2  3  4  5  6  7  8  9  A  B  C  D  E  F      | 0123456789ABCDEF
    -----------------------------------------------------  ----------------------
      0 | 84 06 C5 01 01 00 00 00 D7 13 20 40 -- -- -- --    0 | .......... @----

[2019-02-12 12:34:31] 
        |  0  1  2  3  4  5  6  7  8  9  A  B  C  D  E  F      | 0123456789ABCDEF
    -----------------------------------------------------  ----------------------
      0 | 84 06 C8 01 01 00 00 00 D7 13 20 40 -- -- -- --    0 | .......... @----

[2019-02-12 12:34:35] 
        |  0  1  2  3  4  5  6  7  8  9  A  B  C  D  E  F      | 0123456789ABCDEF
    -----------------------------------------------------  ----------------------
      0 | 84 06 D1 01 01 00 00 00 22 03 36 40 -- -- -- --    0 | ........".6@----

[2019-02-12 12:34:36] 
        |  0  1  2  3  4  5  6  7  8  9  A  B  C  D  E  F      | 0123456789ABCDEF
    -----------------------------------------------------  ----------------------
      0 | 84 06 D2 01 01 00 00 00 22 03 36 40 -- -- -- --    0 | ........".6@----

[2019-02-12 12:34:37] 
        |  0  1  2  3  4  5  6  7  8  9  A  B  C  D  E  F      | 0123456789ABCDEF
    -----------------------------------------------------  ----------------------
      0 | 84 06 D6 01 01 00 00 00 22 03 36 40 -- -- -- --    0 | ........".6@----

[2019-02-12 12:34:41] 
        |  0  1  2  3  4  5  6  7  8  9  A  B  C  D  E  F      | 0123456789ABCDEF
    -----------------------------------------------------  ----------------------
      0 | 84 06 DF 01 0C 00 00 00 22 03 32 40 -- -- -- --    0 | ........".2@----

[2019-02-12 12:34:43] 
        |  0  1  2  3  4  5  6  7  8  9  A  B  C  D  E  F      | 0123456789ABCDEF
    -----------------------------------------------------  ----------------------
      0 | 84 06 E5 01 0C 00 00 00 22 03 15 40 -- -- -- --    0 | ........"..@----

[2019-02-12 12:34:48] 
        |  0  1  2  3  4  5  6  7  8  9  A  B  C  D  E  F      | 0123456789ABCDEF
    -----------------------------------------------------  ----------------------
      0 | 84 06 F1 01 01 00 00 00 EB 04 18 40 -- -- -- --    0 | ...........@----

