[2019-02-12 12:30:08] 
        |  0  1  2  3  4  5  6  7  8  9  A  B  C  D  E  F      | 0123456789ABCDEF
    -----------------------------------------------------  ----------------------
      0 | E0 4C 03 00 00 00 00 00 00 00 00 00 00 00 00 00    0 | .L..............
      1 | 00 00 00 00 00 00 00 00 00 00 00 00 00 00 00 00    1 | ................
      2 | 00 00 00 00 00 00 00 00 00 00 00 00 00 00 00 00    2 | ................
      3 | 00 00 00 00 00 00 00 00 00 00 00 00 00 00 00 00    3 | ................
      4 | 00 00 00 00 00 00 00 00 00 00 00 00 00 00 00 00    4 | ................
      5 | 00 00 00 00 00 00 00 00 00 00 00 00 00 00 00 00    5 | ................
      6 | 00 00 00 00 00 00 00 00 00 00 00 00 00 00 00 00    6 | ................
      7 | 00 00 00 00 00 00 00 00 00 00 00 00 00 00 00 00    7 | ................
      8 | 00 00 00 00 87 7F 8D 5B 57 49 4E 08 FF 0F 00 00    8 | .......[WIN.....
      9 | FF 0F 00 00 00 00 00 00 -- -- -- -- -- -- -- --    9 | ........--------

[2019-02-12 12:31:25] 
        |  0  1  2  3  4  5  6  7  8  9  A  B  C  D  E  F      | 0123456789ABCDEF
    -----------------------------------------------------  ----------------------
      0 | E0 4C 03 00 00 00 00 00 00 00 00 00 00 00 00 00    0 | .L..............
      1 | 00 00 00 00 00 00 00 00 00 00 00 00 00 00 00 00    1 | ................
      2 | 00 00 00 00 00 00 00 00 00 00 00 00 00 00 00 00    2 | ................
      3 | 00 00 00 00 00 00 00 00 00 00 00 00 00 00 00 00    3 | ................
      4 | 00 00 00 00 00 00 00 00 00 00 00 00 00 00 00 00    4 | ................
      5 | 00 00 00 00 00 00 00 00 00 00 00 00 00 00 00 00    5 | ................
      6 | 00 00 00 00 00 00 00 00 00 00 00 00 00 00 00 00    6 | ................
      7 | 00 00 00 00 00 00 00 00 00 00 00 00 00 00 00 00    7 | ................
      8 | 00 00 00 00 87 7F 8D 5B 57 49 4E 08 FF 0F 00 00    8 | .......[WIN.....
      9 | FF 0F 00 00 00 00 00 00 -- -- -- -- -- -- -- --    9 | ........--------

[2019-02-12 12:35:56] 
        |  0  1  2  3  4  5  6  7  8  9  A  B  C  D  E  F      | 0123456789ABCDEF
    -----------------------------------------------------  ----------------------
      0 | E0 4C 03 00 00 00 00 00 00 00 00 00 00 00 00 00    0 | .L..............
      1 | 00 00 00 00 00 00 00 00 00 00 00 00 00 00 00 00    1 | ................
      2 | 00 00 00 00 00 00 00 00 00 00 00 00 00 00 00 00    2 | ................
      3 | 00 00 00 00 00 00 00 00 00 00 00 00 00 00 00 00    3 | ................
      4 | 00 00 00 00 00 00 00 00 00 00 00 00 00 00 00 00    4 | ................
      5 | 00 00 00 00 00 00 00 00 00 00 00 00 00 00 00 00    5 | ................
      6 | 00 00 00 00 00 00 00 00 00 00 00 00 00 00 00 00    6 | ................
      7 | 00 00 00 00 00 00 00 00 00 00 00 00 00 00 00 00    7 | ................
      8 | 00 00 00 00 87 7F 8D 5B 57 49 4E 08 FF 0F 00 00    8 | .......[WIN.....
      9 | FF 0F 00 00 00 00 00 00 -- -- -- -- -- -- -- --    9 | ........--------

